<?xml version="1.0" encoding="UTF-8"?>
<!-- Generated by org.testng.reporters.JUnitXMLReporter -->
<testsuite ignored="1" hostname="DESKTOP-S1PVOLS" failures="0" tests="2" name="Test1" time="0.044" errors="0" timestamp="2022-12-12T22:06:43 CET">
  <testcase classname="com.BaseTest1.TestClass1" name="testCase1" time="0.005"/>
  <testcase classname="com.BaseTest1.TestClass1" name="testCase2" time="0.0"/>
  <testcase classname="com.BaseTest1.TestClass1" name="testCase3" time="0.0">
    <ignored/>
  </testcase> <!-- testCase3 -->
</testsuite> <!-- Test1 -->
