<?xml version="1.0" encoding="UTF-8"?>
<testng-results ignored="2" total="6" passed="4" failed="0" skipped="0">
  <reporter-output>
  </reporter-output>
  <suite started-at="2022-12-12T22:06:43 CET" name="All Suite" finished-at="2022-12-12T22:06:43 CET" duration-ms="0">
    <groups>
    </groups>
  </suite> <!-- All Suite -->
  <suite started-at="2022-12-12T22:06:43 CET" name="Suite1" finished-at="2022-12-12T22:06:43 CET" duration-ms="44">
    <groups>
      <group name="SANITY">
        <method signature="TestClass1.testCase1()[pri:0, instance:com.BaseTest1.TestClass1@7ee955a8]" name="testCase1" class="com.BaseTest1.TestClass1"/>
        <method signature="TestClass1.testCase2()[pri:0, instance:com.BaseTest1.TestClass1@7ee955a8]" name="testCase2" class="com.BaseTest1.TestClass1"/>
      </group> <!-- SANITY -->
    </groups>
    <test started-at="2022-12-12T22:06:43 CET" name="Test1" finished-at="2022-12-12T22:06:43 CET" duration-ms="44">
      <class name="com.BaseTest1.TestClass1">
        <test-method signature="testCase1()[pri:0, instance:com.BaseTest1.TestClass1@7ee955a8]" started-at="2022-12-12T22:06:43 CET" name="testCase1" finished-at="2022-12-12T22:06:43 CET" duration-ms="5" status="PASS">
          <reporter-output>
          </reporter-output>
        </test-method> <!-- testCase1 -->
        <test-method signature="testCase2()[pri:0, instance:com.BaseTest1.TestClass1@7ee955a8]" started-at="2022-12-12T22:06:43 CET" name="testCase2" finished-at="2022-12-12T22:06:43 CET" duration-ms="0" status="PASS">
          <reporter-output>
          </reporter-output>
        </test-method> <!-- testCase2 -->
      </class> <!-- com.BaseTest1.TestClass1 -->
    </test> <!-- Test1 -->
  </suite> <!-- Suite1 -->
  <suite started-at="2022-12-12T22:06:43 CET" name="Suite2" finished-at="2022-12-12T22:06:43 CET" duration-ms="6">
    <groups>
      <group name="SANITY">
        <method signature="TestClass2.testCase4()[pri:0, instance:com.BaseTest2.TestClass2@13e39c73]" name="testCase4" class="com.BaseTest2.TestClass2"/>
        <method signature="TestClass2.testCase5()[pri:0, instance:com.BaseTest2.TestClass2@13e39c73]" name="testCase5" class="com.BaseTest2.TestClass2"/>
      </group> <!-- SANITY -->
    </groups>
    <test started-at="2022-12-12T22:06:43 CET" name="Test2" finished-at="2022-12-12T22:06:43 CET" duration-ms="6">
      <class name="com.BaseTest2.TestClass2">
        <test-method signature="testCase4()[pri:0, instance:com.BaseTest2.TestClass2@13e39c73]" started-at="2022-12-12T22:06:43 CET" name="testCase4" finished-at="2022-12-12T22:06:43 CET" duration-ms="1" status="PASS">
          <reporter-output>
          </reporter-output>
        </test-method> <!-- testCase4 -->
        <test-method signature="testCase5()[pri:0, instance:com.BaseTest2.TestClass2@13e39c73]" started-at="2022-12-12T22:06:43 CET" name="testCase5" finished-at="2022-12-12T22:06:43 CET" duration-ms="2" status="PASS">
          <reporter-output>
          </reporter-output>
        </test-method> <!-- testCase5 -->
      </class> <!-- com.BaseTest2.TestClass2 -->
    </test> <!-- Test2 -->
  </suite> <!-- Suite2 -->
</testng-results>
